<?xml version="1.0" encoding="UTF-8"?>
<!-- Generated by org.testng.reporters.JUnitReportReporter -->
<testsuite hostname="DESKTOP-E85C9IU" failures="0" tests="2" name="MavenConcept.Appium" time="0.007" errors="0" timestamp="2023-05-07T12:52:25 IST" skipped="0">
  <testcase classname="MavenConcept.Appium" name="appium2" time="0.006"/>
  <system-out/>
  <testcase classname="MavenConcept.Appium" name="appium1" time="0.001"/>
  <system-out/>
</testsuite> <!-- MavenConcept.Appium -->
