<?xml version="1.0" encoding="UTF-8"?>
<!-- Generated by org.testng.reporters.JUnitReportReporter -->
<testsuite hostname="DESKTOP-E85C9IU" failures="0" tests="2" name="MavenConcept.RESTAPITest" time="0.018" errors="0" timestamp="2023-05-07T16:10:09 IST" skipped="0">
  <testcase classname="MavenConcept.RESTAPITest" name="rest2" time="0.001"/>
  <system-out/>
  <testcase classname="MavenConcept.RESTAPITest" name="rest1" time="0.017"/>
  <system-out/>
</testsuite> <!-- MavenConcept.RESTAPITest -->
