<?xml version="1.0" encoding="UTF-8"?>
<!-- Generated by org.testng.reporters.JUnitReportReporter -->
<testsuite hostname="DESKTOP-E85C9IU" failures="0" tests="2" name="MavenConcept.AppiumTest" time="0.010" errors="0" timestamp="2023-05-06T17:10:56 IST" skipped="0">
  <testcase classname="MavenConcept.AppiumTest" name="appium1" time="0.008"/>
  <system-out/>
  <testcase classname="MavenConcept.AppiumTest" name="appium2" time="0.002"/>
  <system-out/>
</testsuite> <!-- MavenConcept.AppiumTest -->
