<?xml version="1.0" encoding="UTF-8"?>
<!-- Generated by org.testng.reporters.JUnitReportReporter -->
<testsuite hostname="DESKTOP-E85C9IU" failures="0" tests="2" name="MavenConcept.SeleniumTest" time="0.003" errors="0" timestamp="2023-05-07T16:10:09 IST" skipped="0">
  <testcase classname="MavenConcept.SeleniumTest" name="elementUI" time="0.001"/>
  <system-out/>
  <testcase classname="MavenConcept.SeleniumTest" name="BrowserAutomation" time="0.002"/>
  <system-out/>
</testsuite> <!-- MavenConcept.SeleniumTest -->
